<?xml version="1.0" encoding="UTF-8"?>
<!-- Generated by org.testng.reporters.JUnitXMLReporter -->
<testsuite ignored="0" hostname="DeekayV3" failures="1" tests="3" name="AlertsTests" time="46.203" errors="0" timestamp="29 Dec 2020 10:37:48 GMT">
  <testcase classname="com.herokuapp.theinternet.alertstests.AlertsTests" name="jsAlertTest" time="17.512">
    <failure type="java.lang.AssertionError" message="The following asserts failed:
	Alert message is not expected. 
Should be &amp;apos;I am a JS Alert&amp;apos;, but it is &amp;apos;I am a JS Alert[FAIL}&amp;apos; expected [true] but found [false],
	result is not expected. 
Should be &amp;apos;You successfuly clicked an alert&amp;apos;, but it is &amp;apos;You successfuly clicked an alertFAIL&amp;apos; expected [true] but found [false]">
      <![CDATA[java.lang.AssertionError: The following asserts failed:
Alert message is not expected. 
Should be 'I am a JS Alert', but it is 'I am a JS Alert[FAIL}' expected [true] but found [false],
result is not expected. 
Should be 'You successfuly clicked an alert', but it is 'You successfuly clicked an alertFAIL' expected [true] but found [false]
at com.herokuapp.theinternet.alertstests.AlertsTests.jsAlertTest(AlertsTests.java:46)
... Removed 26 stack frames]]>
    </failure>
  </testcase> <!-- jsAlertTest -->
  <testcase classname="com.herokuapp.theinternet.alertstests.AlertsTests" name="jsDismissTest" time="4.804"/>
  <testcase classname="com.herokuapp.theinternet.alertstests.AlertsTests" name="jsPromptTest" time="5.613"/>
</testsuite> <!-- AlertsTests -->
